2023-03-21 00:45:01.979  INFO 36834 --- [http-nio-8080-exec-1] o.a.c.c.C.[Tomcat].[localhost].[/]       : Initializing Spring DispatcherServlet 'dispatcherServlet'
2023-03-21 00:45:01.982  INFO 36834 --- [http-nio-8080-exec-1] o.s.web.servlet.DispatcherServlet        : Initializing Servlet 'dispatcherServlet'
2023-03-21 00:45:01.984  INFO 36834 --- [http-nio-8080-exec-1] o.s.web.servlet.DispatcherServlet        : Completed initialization in 2 ms
2023-03-21 07:43:01.474  WARN 36834 --- [HikariPool-1 housekeeper] com.zaxxer.hikari.pool.HikariPool        : HikariPool-1 - Thread starvation or clock leap detected (housekeeper delta=3m13s643ms).
2023-03-21 07:45:20.185  WARN 36834 --- [HikariPool-1 housekeeper] com.zaxxer.hikari.pool.HikariPool        : HikariPool-1 - Thread starvation or clock leap detected (housekeeper delta=2m18s718ms).
2023-03-21 07:48:28.594  WARN 36834 --- [HikariPool-1 housekeeper] com.zaxxer.hikari.pool.HikariPool        : HikariPool-1 - Thread starvation or clock leap detected (housekeeper delta=3m8s409ms).
2023-03-21 07:49:18.040  WARN 36834 --- [HikariPool-1 housekeeper] com.zaxxer.hikari.pool.HikariPool        : HikariPool-1 - Thread starvation or clock leap detected (housekeeper delta=49s445ms).
2023-03-21 07:51:06.492  WARN 36834 --- [HikariPool-1 housekeeper] com.zaxxer.hikari.pool.HikariPool        : HikariPool-1 - Thread starvation or clock leap detected (housekeeper delta=1m48s453ms).
2023-03-21 07:53:08.067  WARN 36834 --- [HikariPool-1 housekeeper] com.zaxxer.hikari.pool.HikariPool        : HikariPool-1 - Thread starvation or clock leap detected (housekeeper delta=2m1s575ms).
2023-03-21 07:55:09.210  WARN 36834 --- [HikariPool-1 housekeeper] com.zaxxer.hikari.pool.HikariPool        : HikariPool-1 - Thread starvation or clock leap detected (housekeeper delta=2m1s142ms).
2023-03-21 07:57:36.677  WARN 36834 --- [HikariPool-1 housekeeper] com.zaxxer.hikari.pool.HikariPool        : HikariPool-1 - Thread starvation or clock leap detected (housekeeper delta=2m27s468ms).
2023-03-21 08:00:29.805  WARN 36834 --- [HikariPool-1 housekeeper] com.zaxxer.hikari.pool.HikariPool        : HikariPool-1 - Thread starvation or clock leap detected (housekeeper delta=2m53s128ms).
2023-03-21 08:02:48.009  WARN 36834 --- [HikariPool-1 housekeeper] com.zaxxer.hikari.pool.HikariPool        : HikariPool-1 - Thread starvation or clock leap detected (housekeeper delta=2m18s204ms).
2023-03-21 08:04:27.717  WARN 36834 --- [HikariPool-1 housekeeper] com.zaxxer.hikari.pool.HikariPool        : HikariPool-1 - Thread starvation or clock leap detected (housekeeper delta=1m39s707ms).
2023-03-21 08:05:19.261  WARN 36834 --- [HikariPool-1 housekeeper] com.zaxxer.hikari.pool.HikariPool        : HikariPool-1 - Thread starvation or clock leap detected (housekeeper delta=51s544ms).
2023-03-21 08:42:10.304  WARN 36834 --- [HikariPool-1 housekeeper] com.zaxxer.hikari.pool.HikariPool        : HikariPool-1 - Thread starvation or clock leap detected (housekeeper delta=36m51s41ms).
2023-03-21 10:00:40.063  INFO 36834 --- [SpringApplicationShutdownHook] j.LocalContainerEntityManagerFactoryBean : Closing JPA EntityManagerFactory for persistence unit 'default'
2023-03-21 10:00:40.079  INFO 36834 --- [SpringApplicationShutdownHook] com.zaxxer.hikari.HikariDataSource       : HikariPool-1 - Shutdown initiated...
2023-03-21 10:00:40.084  INFO 36834 --- [SpringApplicationShutdownHook] com.zaxxer.hikari.HikariDataSource       : HikariPool-1 - Shutdown completed.
2023-03-21 10:32:09.833  INFO 49559 --- [main] p.s.f.FinalProjectSkyApplication         : Starting FinalProjectSkyApplication using Java 19.0.1 on MacBook-Air-Nikolaj.local with PID 49559 (/Users/vikharev/Desktop/cloneRepositoryes/finalProjectSky/target/classes started by vikharev in /Users/vikharev/Desktop/cloneRepositoryes/finalProjectSky)
2023-03-21 10:32:09.834  INFO 49559 --- [main] p.s.f.FinalProjectSkyApplication         : No active profile set, falling back to 1 default profile: "default"
2023-03-21 10:32:10.108  INFO 49559 --- [main] .s.d.r.c.RepositoryConfigurationDelegate : Bootstrapping Spring Data JPA repositories in DEFAULT mode.
2023-03-21 10:32:10.131  INFO 49559 --- [main] .s.d.r.c.RepositoryConfigurationDelegate : Finished Spring Data repository scanning in 19 ms. Found 4 JPA repository interfaces.
2023-03-21 10:32:10.364  INFO 49559 --- [main] o.s.b.w.embedded.tomcat.TomcatWebServer  : Tomcat initialized with port(s): 8080 (http)
2023-03-21 10:32:10.368  INFO 49559 --- [main] o.apache.catalina.core.StandardService   : Starting service [Tomcat]
2023-03-21 10:32:10.368  INFO 49559 --- [main] org.apache.catalina.core.StandardEngine  : Starting Servlet engine: [Apache Tomcat/9.0.63]
2023-03-21 10:32:10.407  INFO 49559 --- [main] o.a.c.c.C.[Tomcat].[localhost].[/]       : Initializing Spring embedded WebApplicationContext
2023-03-21 10:32:10.407  INFO 49559 --- [main] w.s.c.ServletWebServerApplicationContext : Root WebApplicationContext: initialization completed in 555 ms
2023-03-21 10:32:10.515  INFO 49559 --- [main] com.zaxxer.hikari.HikariDataSource       : HikariPool-1 - Starting...
2023-03-21 10:32:10.576  INFO 49559 --- [main] com.zaxxer.hikari.HikariDataSource       : HikariPool-1 - Start completed.
2023-03-21 10:32:10.922  INFO 49559 --- [main] liquibase.database                       : Set default schema name to public
2023-03-21 10:32:10.971  INFO 49559 --- [main] liquibase.lockservice                    : Successfully acquired change log lock
2023-03-21 10:32:11.056  INFO 49559 --- [main] liquibase.changelog                      : Reading from public.databasechangelog
2023-03-21 10:32:11.072  INFO 49559 --- [main] liquibase.lockservice                    : Successfully released change log lock
2023-03-21 10:32:11.102  INFO 49559 --- [main] o.hibernate.jpa.internal.util.LogHelper  : HHH000204: Processing PersistenceUnitInfo [name: default]
2023-03-21 10:32:11.128  INFO 49559 --- [main] org.hibernate.Version                    : HHH000412: Hibernate ORM core version 5.6.9.Final
2023-03-21 10:32:11.219  INFO 49559 --- [main] o.hibernate.annotations.common.Version   : HCANN000001: Hibernate Commons Annotations {5.1.2.Final}
2023-03-21 10:32:11.279  INFO 49559 --- [main] org.hibernate.dialect.Dialect            : HHH000400: Using dialect: org.hibernate.dialect.PostgreSQL10Dialect
2023-03-21 10:32:11.570  INFO 49559 --- [main] o.h.e.t.j.p.i.JtaPlatformInitiator       : HHH000490: Using JtaPlatform implementation: [org.hibernate.engine.transaction.jta.platform.internal.NoJtaPlatform]
2023-03-21 10:32:11.574  INFO 49559 --- [main] j.LocalContainerEntityManagerFactoryBean : Initialized JPA EntityManagerFactory for persistence unit 'default'
2023-03-21 10:32:11.687  WARN 49559 --- [main] o.s.security.core.userdetails.User       : User.withDefaultPasswordEncoder() is considered unsafe for production and is only intended for sample applications.
2023-03-21 10:32:11.824  WARN 49559 --- [main] JpaBaseConfiguration$JpaWebConfiguration : spring.jpa.open-in-view is enabled by default. Therefore, database queries may be performed during view rendering. Explicitly configure spring.jpa.open-in-view to disable this warning
2023-03-21 10:32:11.906  INFO 49559 --- [main] o.s.s.web.DefaultSecurityFilterChain     : Will secure any request with [org.springframework.security.web.session.DisableEncodeUrlFilter@726e29d, org.springframework.security.web.context.request.async.WebAsyncManagerIntegrationFilter@a1e578f, org.springframework.security.web.context.SecurityContextPersistenceFilter@c3114ea, org.springframework.security.web.header.HeaderWriterFilter@357e7113, org.springframework.web.filter.CorsFilter@707b38a1, org.springframework.security.web.authentication.logout.LogoutFilter@6094ad4, org.springframework.security.web.authentication.www.BasicAuthenticationFilter@1832b0f6, org.springframework.security.web.savedrequest.RequestCacheAwareFilter@2afe825a, org.springframework.security.web.servletapi.SecurityContextHolderAwareRequestFilter@1bfb60b7, org.springframework.security.web.authentication.AnonymousAuthenticationFilter@3f267e1b, org.springframework.security.web.session.SessionManagementFilter@6e80de85, org.springframework.security.web.access.ExceptionTranslationFilter@6f071d0c, org.springframework.security.web.access.intercept.AuthorizationFilter@45e9db77]
2023-03-21 10:32:12.024  INFO 49559 --- [main] o.s.b.w.embedded.tomcat.TomcatWebServer  : Tomcat started on port(s): 8080 (http) with context path ''
2023-03-21 10:32:12.030  INFO 49559 --- [main] p.s.f.FinalProjectSkyApplication         : Started FinalProjectSkyApplication in 2.359 seconds (JVM running for 2.858)
2023-03-21 10:32:14.413  INFO 49559 --- [SpringApplicationShutdownHook] j.LocalContainerEntityManagerFactoryBean : Closing JPA EntityManagerFactory for persistence unit 'default'
2023-03-21 10:32:14.414  INFO 49559 --- [SpringApplicationShutdownHook] com.zaxxer.hikari.HikariDataSource       : HikariPool-1 - Shutdown initiated...
2023-03-21 10:32:14.415  INFO 49559 --- [SpringApplicationShutdownHook] com.zaxxer.hikari.HikariDataSource       : HikariPool-1 - Shutdown completed.
